<?xml version="1.0" encoding="UTF-8"?><testrun name="challenge" project="challenge" tests="4" started="3" failures="0" errors="1" ignored="0">
  <testsuite name="com.challenge.passValidate.ChallengeApplicationTests" time="5.055" displayname="ChallengeApplicationTests" uniqueid="[engine:junit-jupiter]/[class:com.challenge.passValidate.ChallengeApplicationTests]">
    <testcase name="contextLoads" classname="com.challenge.passValidate.ChallengeApplicationTests" time="5.055" displayname="contextLoads()" uniqueid="[engine:junit-jupiter]/[class:com.challenge.passValidate.ChallengeApplicationTests]/[method:contextLoads()]"/>
  </testsuite>
  <testsuite name="com.challenge.passValidate.controller.PassValidateControllerTest" time="0.737" displayname="PassValidateControllerTest" uniqueid="[engine:junit-jupiter]/[class:com.challenge.passValidate.controller.PassValidateControllerTest]">
    <testcase name="OkPassText" classname="com.challenge.passValidate.controller.PassValidateControllerTest" time="0.718" displayname="OkPassText()" uniqueid="[engine:junit-jupiter]/[class:com.challenge.passValidate.controller.PassValidateControllerTest]/[method:OkPassText()]"/>
    <testcase name="badPassText" classname="com.challenge.passValidate.controller.PassValidateControllerTest" time="0.013" displayname="badPassText()" uniqueid="[engine:junit-jupiter]/[class:com.challenge.passValidate.controller.PassValidateControllerTest]/[method:badPassText()]"/>
  </testsuite>
  <testsuite name="com.challenge.passValidate.model.ReturnValidateTest" incomplete="true" displayname="ReturnValidateTest" uniqueid="[engine:junit-jupiter]/[class:com.challenge.passValidate.model.ReturnValidateTest]">
    <error>org.junit.platform.commons.JUnitException: @BeforeAll method 'public void com.challenge.passValidate.model.ReturnValidateTest.setTest()' must be static unless the test class is annotated with @TestInstance(Lifecycle.PER_CLASS).&#13;
	at org.junit.jupiter.engine.descriptor.LifecycleMethodUtils.assertStatic(LifecycleMethodUtils.java:57)&#13;
	at org.junit.jupiter.engine.descriptor.LifecycleMethodUtils.lambda$findMethodsAndAssertStatic$0(LifecycleMethodUtils.java:81)&#13;
	at java.base/java.util.ArrayList.forEach(ArrayList.java:1511)&#13;
	at java.base/java.util.Collections$UnmodifiableCollection.forEach(Collections.java:1092)&#13;
	at org.junit.jupiter.engine.descriptor.LifecycleMethodUtils.findMethodsAndAssertStatic(LifecycleMethodUtils.java:81)&#13;
	at org.junit.jupiter.engine.descriptor.LifecycleMethodUtils.findBeforeAllMethods(LifecycleMethodUtils.java:40)&#13;
	at org.junit.jupiter.engine.descriptor.ClassBasedTestDescriptor.prepare(ClassBasedTestDescriptor.java:161)&#13;
	at org.junit.jupiter.engine.descriptor.ClassBasedTestDescriptor.prepare(ClassBasedTestDescriptor.java:80)&#13;
	at org.junit.platform.engine.support.hierarchical.NodeTestTask.lambda$prepare$2(NodeTestTask.java:123)&#13;
	at org.junit.platform.engine.support.hierarchical.ThrowableCollector.execute(ThrowableCollector.java:73)&#13;
	at org.junit.platform.engine.support.hierarchical.NodeTestTask.prepare(NodeTestTask.java:123)&#13;
	at org.junit.platform.engine.support.hierarchical.NodeTestTask.execute(NodeTestTask.java:90)&#13;
	at java.base/java.util.ArrayList.forEach(ArrayList.java:1511)&#13;
	at org.junit.platform.engine.support.hierarchical.SameThreadHierarchicalTestExecutorService.invokeAll(SameThreadHierarchicalTestExecutorService.java:41)&#13;
	at org.junit.platform.engine.support.hierarchical.NodeTestTask.lambda$executeRecursively$6(NodeTestTask.java:155)&#13;
	at org.junit.platform.engine.support.hierarchical.ThrowableCollector.execute(ThrowableCollector.java:73)&#13;
	at org.junit.platform.engine.support.hierarchical.NodeTestTask.lambda$executeRecursively$8(NodeTestTask.java:141)&#13;
	at org.junit.platform.engine.support.hierarchical.Node.around(Node.java:137)&#13;
	at org.junit.platform.engine.support.hierarchical.NodeTestTask.lambda$executeRecursively$9(NodeTestTask.java:139)&#13;
	at org.junit.platform.engine.support.hierarchical.ThrowableCollector.execute(ThrowableCollector.java:73)&#13;
	at org.junit.platform.engine.support.hierarchical.NodeTestTask.executeRecursively(NodeTestTask.java:138)&#13;
	at org.junit.platform.engine.support.hierarchical.NodeTestTask.execute(NodeTestTask.java:95)&#13;
	at org.junit.platform.engine.support.hierarchical.SameThreadHierarchicalTestExecutorService.submit(SameThreadHierarchicalTestExecutorService.java:35)&#13;
	at org.junit.platform.engine.support.hierarchical.HierarchicalTestExecutor.execute(HierarchicalTestExecutor.java:57)&#13;
	at org.junit.platform.engine.support.hierarchical.HierarchicalTestEngine.execute(HierarchicalTestEngine.java:54)&#13;
	at org.junit.platform.launcher.core.EngineExecutionOrchestrator.execute(EngineExecutionOrchestrator.java:107)&#13;
	at org.junit.platform.launcher.core.EngineExecutionOrchestrator.execute(EngineExecutionOrchestrator.java:88)&#13;
	at org.junit.platform.launcher.core.EngineExecutionOrchestrator.lambda$execute$0(EngineExecutionOrchestrator.java:54)&#13;
	at org.junit.platform.launcher.core.EngineExecutionOrchestrator.withInterceptedStreams(EngineExecutionOrchestrator.java:67)&#13;
	at org.junit.platform.launcher.core.EngineExecutionOrchestrator.execute(EngineExecutionOrchestrator.java:52)&#13;
	at org.junit.platform.launcher.core.DefaultLauncher.execute(DefaultLauncher.java:114)&#13;
	at org.junit.platform.launcher.core.DefaultLauncher.execute(DefaultLauncher.java:95)&#13;
	at org.junit.platform.launcher.core.DefaultLauncherSession$DelegatingLauncher.execute(DefaultLauncherSession.java:91)&#13;
	at org.junit.platform.launcher.core.SessionPerRequestLauncher.execute(SessionPerRequestLauncher.java:60)&#13;
	at org.eclipse.jdt.internal.junit5.runner.JUnit5TestReference.run(JUnit5TestReference.java:98)&#13;
	at org.eclipse.jdt.internal.junit.runner.TestExecution.run(TestExecution.java:40)&#13;
	at org.eclipse.jdt.internal.junit.runner.RemoteTestRunner.runTests(RemoteTestRunner.java:529)&#13;
	at org.eclipse.jdt.internal.junit.runner.RemoteTestRunner.runTests(RemoteTestRunner.java:756)&#13;
	at org.eclipse.jdt.internal.junit.runner.RemoteTestRunner.run(RemoteTestRunner.java:452)&#13;
	at org.eclipse.jdt.internal.junit.runner.RemoteTestRunner.main(RemoteTestRunner.java:210)&#13;
&#13;
</error>
    <testcase name="testThis" classname="com.challenge.passValidate.model.ReturnValidateTest" incomplete="true" displayname="testThis()" uniqueid="[engine:junit-jupiter]/[class:com.challenge.passValidate.model.ReturnValidateTest]/[method:testThis()]"/>
  </testsuite>
</testrun>
